<?xml version="1.0" encoding="UTF-8"?>
<testsuite xmlns:xsi="http://www.w3.org/2001/XMLSchema-instance" xsi:noNamespaceSchemaLocation="https://maven.apache.org/surefire/maven-surefire-plugin/xsd/surefire-test-report-3.0.xsd" version="3.0" name="testrunner.TestRunner" time="41.545" tests="4" errors="0" skipped="0" failures="0">
  <properties>
[...]
</properties>
  <testcase name="User creates an account and logs in" classname="Account Creation and Login" time="18.366">
    <system-out><![CDATA[
Scenario: User creates an account and logs in       # src/test/resources/features/account.feature:3
  Given user launches the browser                   # stepdefinitions.AccountSteps.user_launches_the_browser()
  When user navigates to Magento homepage           # stepdefinitions.AccountSteps.user_navigates_to_magento_homepage()
  And user creates a new account with valid details # stepdefinitions.AccountSteps.user_creates_a_new_account_with_valid_details()
  And user logs into the application                # stepdefinitions.AccountSteps.user_logs_into_the_application()
  Then browser is closed                            # stepdefinitions.AccountSteps.browser_is_closed()
]]></system-out>
    <system-err><![CDATA[SLF4J(W): No SLF4J providers were found.
SLF4J(W): Defaulting to no-operation (NOP) logger implementation
SLF4J(W): See https://www.slf4j.org/codes.html#noProviders for further details.
Jun 05, 2025 6:15:31 PM org.openqa.selenium.devtools.CdpVersionFinder findNearestMatch
WARNING: Unable to find CDP implementation matching 136
Jun 05, 2025 6:15:31 PM org.openqa.selenium.chromium.ChromiumDriver lambda$new$5
WARNING: Unable to find version of CDP to use for 136.0.7103.116. You may need to include a dependency on a specific version of the CDP using something similar to `org.seleniumhq.selenium:selenium-devtools-v86:4.21.0` where the version ("v86") matches the version of the chromium-based browser you're using and the version number of the artifact is the same as Selenium's.
]]></system-err>
  </testcase>
  <testcase name="Try to create an account without filling fields" classname="Account Creation and Login" time="5.589">
    <system-out><![CDATA[
Scenario: Try to create an account without filling fields # src/test/resources/features/account.feature:10
  Given user launches the browser                         # stepdefinitions.AccountSteps.user_launches_the_browser()
  When user navigates to Magento homepage                 # stepdefinitions.AccountSteps.user_navigates_to_magento_homepage()
  And user clicks create account with empty form          # stepdefinitions.AccountSteps.user_clicks_create_account_with_empty_form()
  Then error message should be shown                      # stepdefinitions.AccountSteps.error_message_should_be_shown()
  Then browser is closed                                  # stepdefinitions.AccountSteps.browser_is_closed()
]]></system-out>
    <system-err><![CDATA[Jun 05, 2025 6:15:49 PM org.openqa.selenium.devtools.CdpVersionFinder findNearestMatch
WARNING: Unable to find CDP implementation matching 136
Jun 05, 2025 6:15:49 PM org.openqa.selenium.chromium.ChromiumDriver lambda$new$5
WARNING: Unable to find version of CDP to use for 136.0.7103.116. You may need to include a dependency on a specific version of the CDP using something similar to `org.seleniumhq.selenium:selenium-devtools-v86:4.21.0` where the version ("v86") matches the version of the chromium-based browser you're using and the version number of the artifact is the same as Selenium's.
]]></system-err>
  </testcase>
  <testcase name="Try to create account with invalid email" classname="Account Creation and Login" time="8.604">
    <system-out><![CDATA[
Scenario: Try to create account with invalid email     # src/test/resources/features/account.feature:17
  Given user launches the browser                      # stepdefinitions.AccountSteps.user_launches_the_browser()
  When user navigates to Magento homepage              # stepdefinitions.AccountSteps.user_navigates_to_magento_homepage()
  And user enters invalid email while creating account # stepdefinitions.AccountSteps.user_enters_invalid_email()
  Then error message should be shown                   # stepdefinitions.AccountSteps.error_message_should_be_shown()
  Then browser is closed                               # stepdefinitions.AccountSteps.browser_is_closed()
]]></system-out>
    <system-err><![CDATA[Jun 05, 2025 6:15:54 PM org.openqa.selenium.devtools.CdpVersionFinder findNearestMatch
WARNING: Unable to find CDP implementation matching 136
Jun 05, 2025 6:15:54 PM org.openqa.selenium.chromium.ChromiumDriver lambda$new$5
WARNING: Unable to find version of CDP to use for 136.0.7103.116. You may need to include a dependency on a specific version of the CDP using something similar to `org.seleniumhq.selenium:selenium-devtools-v86:4.21.0` where the version ("v86") matches the version of the chromium-based browser you're using and the version number of the artifact is the same as Selenium's.
]]></system-err>
  </testcase>
  <testcase name="Try to login with incorrect password" classname="Account Creation and Login" time="8.131">
    <system-out><![CDATA[
Scenario: Try to login with incorrect password  # src/test/resources/features/account.feature:24
  Given user launches the browser               # stepdefinitions.AccountSteps.user_launches_the_browser()
  When user navigates to Magento homepage       # stepdefinitions.AccountSteps.user_navigates_to_magento_homepage()
  And user tries to login with invalid password # stepdefinitions.AccountSteps.user_tries_login_with_wrong_password()
  Then login error should be shown              # stepdefinitions.AccountSteps.login_error_should_be_shown()
  Then browser is closed                        # stepdefinitions.AccountSteps.browser_is_closed()
]]></system-out>
    <system-err><![CDATA[Jun 05, 2025 6:16:03 PM org.openqa.selenium.devtools.CdpVersionFinder findNearestMatch
WARNING: Unable to find CDP implementation matching 136
Jun 05, 2025 6:16:03 PM org.openqa.selenium.chromium.ChromiumDriver lambda$new$5
WARNING: Unable to find version of CDP to use for 136.0.7103.116. You may need to include a dependency on a specific version of the CDP using something similar to `org.seleniumhq.selenium:selenium-devtools-v86:4.21.0` where the version ("v86") matches the version of the chromium-based browser you're using and the version number of the artifact is the same as Selenium's.
]]></system-err>
  </testcase>
</testsuite>